<?xml version="1.0" encoding="utf-8"?><testsuites><testsuite name="pytest" errors="0" failures="2" skipped="0" tests="100" time="0.212" timestamp="2021-06-03T12:35:02.780482" hostname="alex-nuc"><testcase classname="tests.test_flakiness_simulator" name="test_eval[97]" time="0.001" /><testcase classname="tests.test_flakiness_simulator" name="test_eval[47]" time="0.000" /><testcase classname="tests.test_flakiness_simulator" name="test_eval[22]" time="0.000" /><testcase classname="tests.test_flakiness_simulator" name="test_eval[35]" time="0.000" /><testcase classname="tests.test_flakiness_simulator" name="test_eval[61]" time="0.000" /><testcase classname="tests.test_flakiness_simulator" name="test_eval[48]" time="0.000" /><testcase classname="tests.test_flakiness_simulator" name="test_eval[1]" time="0.000" /><testcase classname="tests.test_flakiness_simulator" name="test_eval[80]" time="0.000" /><testcase classname="tests.test_flakiness_simulator" name="test_eval[68]" time="0.000" /><testcase classname="tests.test_flakiness_simulator" name="test_eval[20]" time="0.000" /><testcase classname="tests.test_flakiness_simulator" name="test_eval[6]" time="0.000" /><testcase classname="tests.test_flakiness_simulator" name="test_eval[4]" time="0.000" /><testcase classname="tests.test_flakiness_simulator" name="test_eval[92]" time="0.000" /><testcase classname="tests.test_flakiness_simulator" name="test_eval[82]" time="0.000" /><testcase classname="tests.test_flakiness_simulator" name="test_eval[43]" time="0.000" /><testcase classname="tests.test_flakiness_simulator" name="test_eval[95]" time="0.000" /><testcase classname="tests.test_flakiness_simulator" name="test_eval[26]" time="0.000" /><testcase classname="tests.test_flakiness_simulator" name="test_eval[79]" time="0.000" /><testcase classname="tests.test_flakiness_simulator" name="test_eval[69]" time="0.000" /><testcase classname="tests.test_flakiness_simulator" name="test_eval[0]" time="0.000" /><testcase classname="tests.test_flakiness_simulator" name="test_eval[84]" time="0.000" /><testcase classname="tests.test_flakiness_simulator" name="test_eval[56]" time="0.000" /><testcase classname="tests.test_flakiness_simulator" name="test_eval[78]" time="0.000" /><testcase classname="tests.test_flakiness_simulator" name="test_eval[86]" time="0.000" /><testcase classname="tests.test_flakiness_simulator" name="test_eval[50]" time="0.000" /><testcase classname="tests.test_flakiness_simulator" name="test_eval[36]" time="0.000" /><testcase classname="tests.test_flakiness_simulator" name="test_eval[40]" time="0.000" /><testcase classname="tests.test_flakiness_simulator" name="test_eval[59]" time="0.000" /><testcase classname="tests.test_flakiness_simulator" name="test_eval[34]" time="0.000" /><testcase classname="tests.test_flakiness_simulator" name="test_eval[88]" time="0.000"><failure message="AssertionError: flaky test&#10;assert 0.10141729426530388 &gt; 0.16666666666666666">ii = 88

    @pytest.mark.flakysim
    @pytest.mark.parametrize("ii", get_tests())
    def test_eval(ii: int):
        change_quality = random.uniform(0, 1)
        assert change_quality &gt; BUG_THRESHOLD, "real bug"
    
        if ii in FLAKY_TESTS:
            test_exec_quality = random.uniform(0, 1)
&gt;           assert test_exec_quality &gt; FLAKE_THRESHOLD, "flaky test"
E           AssertionError: flaky test
E           assert 0.10141729426530388 &gt; 0.16666666666666666

tests/test_flakiness_simulator.py:25: AssertionError</failure></testcase><testcase classname="tests.test_flakiness_simulator" name="test_eval[19]" time="0.000" /><testcase classname="tests.test_flakiness_simulator" name="test_eval[44]" time="0.000" /><testcase classname="tests.test_flakiness_simulator" name="test_eval[45]" time="0.000" /><testcase classname="tests.test_flakiness_simulator" name="test_eval[18]" time="0.000" /><testcase classname="tests.test_flakiness_simulator" name="test_eval[9]" time="0.000" /><testcase classname="tests.test_flakiness_simulator" name="test_eval[17]" time="0.000" /><testcase classname="tests.test_flakiness_simulator" name="test_eval[27]" time="0.000" /><testcase classname="tests.test_flakiness_simulator" name="test_eval[10]" time="0.000" /><testcase classname="tests.test_flakiness_simulator" name="test_eval[72]" time="0.000" /><testcase classname="tests.test_flakiness_simulator" name="test_eval[77]" time="0.000" /><testcase classname="tests.test_flakiness_simulator" name="test_eval[42]" time="0.000" /><testcase classname="tests.test_flakiness_simulator" name="test_eval[70]" time="0.000" /><testcase classname="tests.test_flakiness_simulator" name="test_eval[8]" time="0.000" /><testcase classname="tests.test_flakiness_simulator" name="test_eval[41]" time="0.000" /><testcase classname="tests.test_flakiness_simulator" name="test_eval[64]" time="0.000" /><testcase classname="tests.test_flakiness_simulator" name="test_eval[46]" time="0.000" /><testcase classname="tests.test_flakiness_simulator" name="test_eval[91]" time="0.000" /><testcase classname="tests.test_flakiness_simulator" name="test_eval[90]" time="0.000" /><testcase classname="tests.test_flakiness_simulator" name="test_eval[57]" time="0.000" /><testcase classname="tests.test_flakiness_simulator" name="test_eval[39]" time="0.000" /><testcase classname="tests.test_flakiness_simulator" name="test_eval[83]" time="0.000" /><testcase classname="tests.test_flakiness_simulator" name="test_eval[7]" time="0.000" /><testcase classname="tests.test_flakiness_simulator" name="test_eval[3]" time="0.000" /><testcase classname="tests.test_flakiness_simulator" name="test_eval[11]" time="0.000" /><testcase classname="tests.test_flakiness_simulator" name="test_eval[67]" time="0.000" /><testcase classname="tests.test_flakiness_simulator" name="test_eval[25]" time="0.000" /><testcase classname="tests.test_flakiness_simulator" name="test_eval[96]" time="0.000" /><testcase classname="tests.test_flakiness_simulator" name="test_eval[73]" time="0.000" /><testcase classname="tests.test_flakiness_simulator" name="test_eval[89]" time="0.000" /><testcase classname="tests.test_flakiness_simulator" name="test_eval[93]" time="0.000" /><testcase classname="tests.test_flakiness_simulator" name="test_eval[71]" time="0.000" /><testcase classname="tests.test_flakiness_simulator" name="test_eval[76]" time="0.000" /><testcase classname="tests.test_flakiness_simulator" name="test_eval[99]" time="0.000" /><testcase classname="tests.test_flakiness_simulator" name="test_eval[29]" time="0.000" /><testcase classname="tests.test_flakiness_simulator" name="test_eval[2]" time="0.000" /><testcase classname="tests.test_flakiness_simulator" name="test_eval[60]" time="0.000" /><testcase classname="tests.test_flakiness_simulator" name="test_eval[58]" time="0.000" /><testcase classname="tests.test_flakiness_simulator" name="test_eval[53]" time="0.000" /><testcase classname="tests.test_flakiness_simulator" name="test_eval[33]" time="0.000" /><testcase classname="tests.test_flakiness_simulator" name="test_eval[81]" time="0.000" /><testcase classname="tests.test_flakiness_simulator" name="test_eval[21]" time="0.000" /><testcase classname="tests.test_flakiness_simulator" name="test_eval[15]" time="0.000" /><testcase classname="tests.test_flakiness_simulator" name="test_eval[37]" time="0.000" /><testcase classname="tests.test_flakiness_simulator" name="test_eval[85]" time="0.000" /><testcase classname="tests.test_flakiness_simulator" name="test_eval[65]" time="0.000" /><testcase classname="tests.test_flakiness_simulator" name="test_eval[66]" time="0.000" /><testcase classname="tests.test_flakiness_simulator" name="test_eval[98]" time="0.000" /><testcase classname="tests.test_flakiness_simulator" name="test_eval[13]" time="0.000" /><testcase classname="tests.test_flakiness_simulator" name="test_eval[24]" time="0.000" /><testcase classname="tests.test_flakiness_simulator" name="test_eval[30]" time="0.000" /><testcase classname="tests.test_flakiness_simulator" name="test_eval[74]" time="0.000" /><testcase classname="tests.test_flakiness_simulator" name="test_eval[5]" time="0.000" /><testcase classname="tests.test_flakiness_simulator" name="test_eval[87]" time="0.000" /><testcase classname="tests.test_flakiness_simulator" name="test_eval[14]" time="0.000" /><testcase classname="tests.test_flakiness_simulator" name="test_eval[54]" time="0.000" /><testcase classname="tests.test_flakiness_simulator" name="test_eval[49]" time="0.000" /><testcase classname="tests.test_flakiness_simulator" name="test_eval[28]" time="0.000" /><testcase classname="tests.test_flakiness_simulator" name="test_eval[62]" time="0.000" /><testcase classname="tests.test_flakiness_simulator" name="test_eval[23]" time="0.000"><failure message="AssertionError: flaky test&#10;assert 0.10141729426530388 &gt; 0.16666666666666666">ii = 23

    @pytest.mark.flakysim
    @pytest.mark.parametrize("ii", get_tests())
    def test_eval(ii: int):
        change_quality = random.uniform(0, 1)
        assert change_quality &gt; BUG_THRESHOLD, "real bug"
    
        if ii in FLAKY_TESTS:
            test_exec_quality = random.uniform(0, 1)
&gt;           assert test_exec_quality &gt; FLAKE_THRESHOLD, "flaky test"
E           AssertionError: flaky test
E           assert 0.10141729426530388 &gt; 0.16666666666666666

tests/test_flakiness_simulator.py:25: AssertionError</failure></testcase><testcase classname="tests.test_flakiness_simulator" name="test_eval[94]" time="0.000" /><testcase classname="tests.test_flakiness_simulator" name="test_eval[63]" time="0.000" /><testcase classname="tests.test_flakiness_simulator" name="test_eval[16]" time="0.000" /><testcase classname="tests.test_flakiness_simulator" name="test_eval[75]" time="0.000" /><testcase classname="tests.test_flakiness_simulator" name="test_eval[51]" time="0.000" /><testcase classname="tests.test_flakiness_simulator" name="test_eval[55]" time="0.000" /><testcase classname="tests.test_flakiness_simulator" name="test_eval[52]" time="0.000" /><testcase classname="tests.test_flakiness_simulator" name="test_eval[31]" time="0.000" /><testcase classname="tests.test_flakiness_simulator" name="test_eval[12]" time="0.000" /><testcase classname="tests.test_flakiness_simulator" name="test_eval[32]" time="0.000" /><testcase classname="tests.test_flakiness_simulator" name="test_eval[38]" time="0.000" /></testsuite></testsuites>